This file contains any messages produced by compilers while
running configure, to aid debugging if configure makes a mistake.

It was created by configure, which was
generated by GNU Autoconf 2.58.  Invocation command line was

  $ ./configure -host=arm

## --------- ##
## Platform. ##
## --------- ##

hostname = localhost.localdomain
uname -m = i686
uname -r = 2.4.20-8
uname -s = Linux
uname -v = #1 Thu Mar 13 17:54:28 EST 2003

/usr/bin/uname -p = unknown
/bin/uname -X     = unknown

/bin/arch              = i686
/usr/bin/arch -k       = unknown
/usr/convex/getsysinfo = unknown
hostinfo               = unknown
/bin/machine           = unknown
/usr/bin/oslevel       = unknown
/bin/universe          = unknown

PATH: /mnt/hgfs/shareData/cross-3.2/usr/local/arm/lib/gcc-lib/arm-linux/3.2
PATH: /mnt/hgfs/shareData/cross-3.2/usr/local/arm/3.3.2/bin
PATH: /usr/local/arm_tools/bin
PATH: /usr/local/sbin
PATH: /usr/local/bin
PATH: /sbin
PATH: /bin
PATH: /usr/sbin
PATH: /usr/bin
PATH: /usr/X11R6/bin
PATH: /root/bin


## ----------- ##
## Core tests. ##
## ----------- ##

configure:1341: checking build system type
configure:1359: result: i686-pc-linux-gnu
configure:1367: checking host system type
configure:1381: result: arm-unknown-none
configure:1398: checking for arm-gcc
configure:1427: result: no
configure:1436: checking for gcc
configure:1452: found /usr/bin/gcc
configure:1462: result: gcc
configure:1706: checking for C compiler version
configure:1709: gcc --version </dev/null >&5
gcc (GCC) 3.2.2 20030222 (Red Hat Linux 3.2.2-5)
Copyright (C) 2002 Free Software Foundation, Inc.
This is free software; see the source for copying conditions.  There is NO
warranty; not even for MERCHANTABILITY or FITNESS FOR A PARTICULAR PURPOSE.

configure:1712: $? = 0
configure:1714: gcc -v </dev/null >&5
Reading specs from /usr/lib/gcc-lib/i386-redhat-linux/3.2.2/specs
Configured with: ../configure --prefix=/usr --mandir=/usr/share/man --infodir=/usr/share/info --enable-shared --enable-threads=posix --disable-checking --with-system-zlib --enable-__cxa_atexit --host=i386-redhat-linux
Thread model: posix
gcc version 3.2.2 20030222 (Red Hat Linux 3.2.2-5)
configure:1717: $? = 0
configure:1719: gcc -V </dev/null >&5
gcc: argument to `-V' is missing
configure:1722: $? = 1
configure:1745: checking for C compiler default output file name
configure:1748: gcc    conftest.c  >&5
configure:1751: $? = 0
configure:1797: result: a.out
configure:1802: checking whether the C compiler works
configure:1808: ./a.out
configure:1811: $? = 0
configure:1828: result: yes
configure:1835: checking whether we are cross compiling
configure:1837: result: no
configure:1840: checking for suffix of executables
configure:1842: gcc -o conftest    conftest.c  >&5
configure:1845: $? = 0
configure:1870: result: 
configure:1876: checking for suffix of object files
configure:1897: gcc -c   conftest.c >&5
configure:1900: $? = 0
configure:1922: result: o
configure:1926: checking whether we are using the GNU C compiler
configure:1950: gcc -c   conftest.c >&5
configure:1956: $? = 0
configure:1960: test -z 
			 || test ! -s conftest.err
configure:1963: $? = 0
configure:1966: test -s conftest.o
configure:1969: $? = 0
configure:1982: result: yes
configure:1988: checking whether gcc accepts -g
configure:2009: gcc -c -g  conftest.c >&5
configure:2015: $? = 0
configure:2019: test -z 
			 || test ! -s conftest.err
configure:2022: $? = 0
configure:2025: test -s conftest.o
configure:2028: $? = 0
configure:2039: result: yes
configure:2056: checking for gcc option to accept ANSI C
configure:2126: gcc  -c -g -O2  conftest.c >&5
configure:2132: $? = 0
configure:2136: test -z 
			 || test ! -s conftest.err
configure:2139: $? = 0
configure:2142: test -s conftest.o
configure:2145: $? = 0
configure:2163: result: none needed
configure:2181: gcc -c -g -O2  conftest.c >&5
conftest.c:2: parse error before "me"
configure:2187: $? = 1
configure: failed program was:
| #ifndef __cplusplus
|   choke me
| #endif
configure:2325: checking how to run the C preprocessor
configure:2360: gcc -E  conftest.c
configure:2366: $? = 0
configure:2398: gcc -E  conftest.c
conftest.c:9:28: ac_nonexistent.h: No such file or directory
configure:2404: $? = 1
configure: failed program was:
| /* confdefs.h.  */
| 
| #define PACKAGE_NAME ""
| #define PACKAGE_TARNAME ""
| #define PACKAGE_VERSION ""
| #define PACKAGE_STRING ""
| #define PACKAGE_BUGREPORT ""
| /* end confdefs.h.  */
| #include <ac_nonexistent.h>
configure:2443: result: gcc -E
configure:2467: gcc -E  conftest.c
configure:2473: $? = 0
configure:2505: gcc -E  conftest.c
conftest.c:9:28: ac_nonexistent.h: No such file or directory
configure:2511: $? = 1
configure: failed program was:
| /* confdefs.h.  */
| 
| #define PACKAGE_NAME ""
| #define PACKAGE_TARNAME ""
| #define PACKAGE_VERSION ""
| #define PACKAGE_STRING ""
| #define PACKAGE_BUGREPORT ""
| /* end confdefs.h.  */
| #include <ac_nonexistent.h>
configure:2555: checking whether gcc recognizes __func__
configure:2579: gcc -c -g -O2  conftest.c >&5
conftest.c: In function `main':
conftest.c:14: warning: initialization discards qualifiers from pointer target type
configure:2585: $? = 0
configure:2589: test -z 
			 || test ! -s conftest.err
configure:2592: $? = 0
configure:2595: test -s conftest.o
configure:2598: $? = 0
configure:2613: result: yes
configure:2617: checking for GNU make
configure:2635: result: make
configure:2657: checking for library containing socket
configure:2687: gcc -o conftest -g -O2   conftest.c  >&5
configure:2693: $? = 0
configure:2697: test -z 
			 || test ! -s conftest.err
configure:2700: $? = 0
configure:2703: test -s conftest
configure:2706: $? = 0
configure:2776: result: none required
configure:2783: checking for library containing inet_aton
configure:2813: gcc -o conftest -g -O2   conftest.c  >&5
configure:2819: $? = 0
configure:2823: test -z 
			 || test ! -s conftest.err
configure:2826: $? = 0
configure:2829: test -s conftest
configure:2832: $? = 0
configure:2902: result: none required
configure:2909: checking for library containing gethostname
configure:2939: gcc -o conftest -g -O2   conftest.c  >&5
configure:2945: $? = 0
configure:2949: test -z 
			 || test ! -s conftest.err
configure:2952: $? = 0
configure:2955: test -s conftest
configure:2958: $? = 0
configure:3028: result: none required
configure:3035: checking for library containing gethostbyname
configure:3065: gcc -o conftest -g -O2   conftest.c  >&5
configure:3071: $? = 0
configure:3075: test -z 
			 || test ! -s conftest.err
configure:3078: $? = 0
configure:3081: test -s conftest
configure:3084: $? = 0
configure:3154: result: none required
configure:3170: checking for dirent.h that defines DIR
configure:3194: gcc -c -g -O2  conftest.c >&5
configure:3200: $? = 0
configure:3204: test -z 
			 || test ! -s conftest.err
configure:3207: $? = 0
configure:3210: test -s conftest.o
configure:3213: $? = 0
configure:3224: result: yes
configure:3237: checking for library containing opendir
configure:3267: gcc -o conftest -g -O2   conftest.c  >&5
configure:3273: $? = 0
configure:3277: test -z 
			 || test ! -s conftest.err
configure:3280: $? = 0
configure:3283: test -s conftest
configure:3286: $? = 0
configure:3356: result: none required
configure:3493: checking for egrep
configure:3503: result: grep -E
configure:3508: checking for ANSI C header files
configure:3533: gcc -c -g -O2  conftest.c >&5
configure:3539: $? = 0
configure:3543: test -z 
			 || test ! -s conftest.err
configure:3546: $? = 0
configure:3549: test -s conftest.o
configure:3552: $? = 0
configure:3638: gcc -o conftest -g -O2   conftest.c  >&5
configure:3641: $? = 0
configure:3643: ./conftest
configure:3646: $? = 0
configure:3661: result: yes
configure:3671: checking for sys/wait.h that is POSIX.1 compatible
configure:3702: gcc -c -g -O2  conftest.c >&5
configure:3708: $? = 0
configure:3712: test -z 
			 || test ! -s conftest.err
configure:3715: $? = 0
configure:3718: test -s conftest.o
configure:3721: $? = 0
configure:3732: result: yes
configure:3756: checking for sys/types.h
configure:3772: gcc -c -g -O2  conftest.c >&5
configure:3778: $? = 0
configure:3782: test -z 
			 || test ! -s conftest.err
configure:3785: $? = 0
configure:3788: test -s conftest.o
configure:3791: $? = 0
configure:3802: result: yes
configure:3756: checking for sys/stat.h
configure:3772: gcc -c -g -O2  conftest.c >&5
configure:3778: $? = 0
configure:3782: test -z 
			 || test ! -s conftest.err
configure:3785: $? = 0
configure:3788: test -s conftest.o
configure:3791: $? = 0
configure:3802: result: yes
configure:3756: checking for stdlib.h
configure:3772: gcc -c -g -O2  conftest.c >&5
configure:3778: $? = 0
configure:3782: test -z 
			 || test ! -s conftest.err
configure:3785: $? = 0
configure:3788: test -s conftest.o
configure:3791: $? = 0
configure:3802: result: yes
configure:3756: checking for string.h
configure:3772: gcc -c -g -O2  conftest.c >&5
configure:3778: $? = 0
configure:3782: test -z 
			 || test ! -s conftest.err
configure:3785: $? = 0
configure:3788: test -s conftest.o
configure:3791: $? = 0
configure:3802: result: yes
configure:3756: checking for memory.h
configure:3772: gcc -c -g -O2  conftest.c >&5
configure:3778: $? = 0
configure:3782: test -z 
			 || test ! -s conftest.err
configure:3785: $? = 0
configure:3788: test -s conftest.o
configure:3791: $? = 0
configure:3802: result: yes
configure:3756: checking for strings.h
configure:3772: gcc -c -g -O2  conftest.c >&5
configure:3778: $? = 0
configure:3782: test -z 
			 || test ! -s conftest.err
configure:3785: $? = 0
configure:3788: test -s conftest.o
configure:3791: $? = 0
configure:3802: result: yes
configure:3756: checking for inttypes.h
configure:3772: gcc -c -g -O2  conftest.c >&5
configure:3778: $? = 0
configure:3782: test -z 
			 || test ! -s conftest.err
configure:3785: $? = 0
configure:3788: test -s conftest.o
configure:3791: $? = 0
configure:3802: result: yes
configure:3756: checking for stdint.h
configure:3772: gcc -c -g -O2  conftest.c >&5
configure:3778: $? = 0
configure:3782: test -z 
			 || test ! -s conftest.err
configure:3785: $? = 0
configure:3788: test -s conftest.o
configure:3791: $? = 0
configure:3802: result: yes
configure:3756: checking for unistd.h
configure:3772: gcc -c -g -O2  conftest.c >&5
configure:3778: $? = 0
configure:3782: test -z 
			 || test ! -s conftest.err
configure:3785: $? = 0
configure:3788: test -s conftest.o
configure:3791: $? = 0
configure:3802: result: yes
configure:3831: checking fcntl.h usability
configure:3843: gcc -c -g -O2  conftest.c >&5
configure:3849: $? = 0
configure:3853: test -z 
			 || test ! -s conftest.err
configure:3856: $? = 0
configure:3859: test -s conftest.o
configure:3862: $? = 0
configure:3872: result: yes
configure:3876: checking fcntl.h presence
configure:3886: gcc -E  conftest.c
configure:3892: $? = 0
configure:3912: result: yes
configure:3947: checking for fcntl.h
configure:3954: result: yes
configure:3831: checking sys/fcntl.h usability
configure:3843: gcc -c -g -O2  conftest.c >&5
configure:3849: $? = 0
configure:3853: test -z 
			 || test ! -s conftest.err
configure:3856: $? = 0
configure:3859: test -s conftest.o
configure:3862: $? = 0
configure:3872: result: yes
configure:3876: checking sys/fcntl.h presence
configure:3886: gcc -E  conftest.c
configure:3892: $? = 0
configure:3912: result: yes
configure:3947: checking for sys/fcntl.h
configure:3954: result: yes
configure:3831: checking limits.h usability
configure:3843: gcc -c -g -O2  conftest.c >&5
configure:3849: $? = 0
configure:3853: test -z 
			 || test ! -s conftest.err
configure:3856: $? = 0
configure:3859: test -s conftest.o
configure:3862: $? = 0
configure:3872: result: yes
configure:3876: checking limits.h presence
configure:3886: gcc -E  conftest.c
configure:3892: $? = 0
configure:3912: result: yes
configure:3947: checking for limits.h
configure:3954: result: yes
configure:3831: checking sys/time.h usability
configure:3843: gcc -c -g -O2  conftest.c >&5
configure:3849: $? = 0
configure:3853: test -z 
			 || test ! -s conftest.err
configure:3856: $? = 0
configure:3859: test -s conftest.o
configure:3862: $? = 0
configure:3872: result: yes
configure:3876: checking sys/time.h presence
configure:3886: gcc -E  conftest.c
configure:3892: $? = 0
configure:3912: result: yes
configure:3947: checking for sys/time.h
configure:3954: result: yes
configure:3982: checking getopt.h usability
configure:3994: gcc -c -g -O2  conftest.c >&5
configure:4000: $? = 0
configure:4004: test -z 
			 || test ! -s conftest.err
configure:4007: $? = 0
configure:4010: test -s conftest.o
configure:4013: $? = 0
configure:4023: result: yes
configure:4027: checking getopt.h presence
configure:4037: gcc -E  conftest.c
configure:4043: $? = 0
configure:4063: result: yes
configure:4098: checking for getopt.h
configure:4105: result: yes
configure:3973: checking for unistd.h
configure:3978: result: yes
configure:4119: checking for an ANSI C-conforming const
configure:4186: gcc -c -g -O2  conftest.c >&5
configure:4192: $? = 0
configure:4196: test -z 
			 || test ! -s conftest.err
configure:4199: $? = 0
configure:4202: test -s conftest.o
configure:4205: $? = 0
configure:4216: result: yes
configure:4226: checking for uid_t in sys/types.h
configure:4249: result: yes
configure:4264: checking for off_t
configure:4288: gcc -c -g -O2  conftest.c >&5
configure:4294: $? = 0
configure:4298: test -z 
			 || test ! -s conftest.err
configure:4301: $? = 0
configure:4304: test -s conftest.o
configure:4307: $? = 0
configure:4318: result: yes
configure:4330: checking for pid_t
configure:4354: gcc -c -g -O2  conftest.c >&5
configure:4360: $? = 0
configure:4364: test -z 
			 || test ! -s conftest.err
configure:4367: $? = 0
configure:4370: test -s conftest.o
configure:4373: $? = 0
configure:4384: result: yes
configure:4396: checking for size_t
configure:4420: gcc -c -g -O2  conftest.c >&5
configure:4426: $? = 0
configure:4430: test -z 
			 || test ! -s conftest.err
configure:4433: $? = 0
configure:4436: test -s conftest.o
configure:4439: $? = 0
configure:4450: result: yes
configure:4462: checking whether time.h and sys/time.h may both be included
configure:4487: gcc -c -g -O2  conftest.c >&5
configure:4493: $? = 0
configure:4497: test -z 
			 || test ! -s conftest.err
configure:4500: $? = 0
configure:4503: test -s conftest.o
configure:4506: $? = 0
configure:4517: result: yes
configure:4527: checking whether struct tm is in sys/time.h or time.h
configure:4550: gcc -c -g -O2  conftest.c >&5
configure:4556: $? = 0
configure:4560: test -z 
			 || test ! -s conftest.err
configure:4563: $? = 0
configure:4566: test -s conftest.o
configure:4569: $? = 0
configure:4580: result: time.h
configure:4590: checking whether sa_family_t is defined
configure:4611: gcc -c -g -O2  conftest.c >&5
configure:4617: $? = 0
configure:4621: test -z 
			 || test ! -s conftest.err
configure:4624: $? = 0
configure:4627: test -s conftest.o
configure:4630: $? = 0
configure:4632: result: yes
configure:4651: checking for working POSIX fnmatch
configure:4689: gcc -o conftest -g -O2   conftest.c  >&5
configure:4692: $? = 0
configure:4694: ./conftest
configure:4697: $? = 0
configure:4711: result: yes
configure:4723: checking for working memcmp
configure:4771: gcc -o conftest -g -O2   conftest.c  >&5
configure:4774: $? = 0
configure:4776: ./conftest
configure:4779: $? = 0
configure:4793: result: yes
configure:4810: checking for stdlib.h
configure:4815: result: yes
configure:4810: checking for unistd.h
configure:4815: result: yes
configure:4959: checking for getpagesize
configure:5016: gcc -o conftest -g -O2   conftest.c  >&5
configure:5022: $? = 0
configure:5026: test -z 
			 || test ! -s conftest.err
configure:5029: $? = 0
configure:5032: test -s conftest
configure:5035: $? = 0
configure:5047: result: yes
configure:5057: checking for working mmap
configure:5199: gcc -o conftest -g -O2   conftest.c  >&5
configure:5202: $? = 0
configure:5204: ./conftest
configure:5207: $? = 0
configure:5221: result: yes
configure:5232: checking for function prototypes
configure:5235: result: yes
configure:5252: checking whether setvbuf arguments are reversed
configure:5277: gcc -o conftest -g -O2   conftest.c  >&5
conftest.c:38: conflicting types for `setvbuf'
/usr/include/stdio.h:281: previous declaration of `setvbuf'
configure:5283: $? = 1
configure: failed program was:
| /* confdefs.h.  */
| 
| #define PACKAGE_NAME ""
| #define PACKAGE_TARNAME ""
| #define PACKAGE_VERSION ""
| #define PACKAGE_STRING ""
| #define PACKAGE_BUGREPORT ""
| #define HAVE_FUNC
| #define HAVE_DIRENT_H 1
| #define STDC_HEADERS 1
| #define HAVE_SYS_WAIT_H 1
| #define HAVE_SYS_TYPES_H 1
| #define HAVE_SYS_STAT_H 1
| #define HAVE_STDLIB_H 1
| #define HAVE_STRING_H 1
| #define HAVE_MEMORY_H 1
| #define HAVE_STRINGS_H 1
| #define HAVE_INTTYPES_H 1
| #define HAVE_STDINT_H 1
| #define HAVE_UNISTD_H 1
| #define HAVE_FCNTL_H 1
| #define HAVE_SYS_FCNTL_H 1
| #define HAVE_LIMITS_H 1
| #define HAVE_SYS_TIME_H 1
| #define HAVE_GETOPT_H 1
| #define HAVE_UNISTD_H 1
| #define TIME_WITH_SYS_TIME 1
| #define HAVE_FNMATCH 1
| #define HAVE_STDLIB_H 1
| #define HAVE_UNISTD_H 1
| #define HAVE_GETPAGESIZE 1
| #define HAVE_MMAP 1
| #define PROTOTYPES 1
| #define __PROTOTYPES 1
| /* end confdefs.h.  */
| #include <stdio.h>
| #	  if PROTOTYPES
| 	   int (setvbuf) (FILE *, int, char *, size_t);
| #	  endif
| int
| main ()
| {
| char buf; return setvbuf (stdout, _IOLBF, &buf, 1);
|   ;
|   return 0;
| }
configure:5404: result: no
configure:5422: checking for getcwd
configure:5479: gcc -o conftest -g -O2   conftest.c  >&5
configure:5485: $? = 0
configure:5489: test -z 
			 || test ! -s conftest.err
configure:5492: $? = 0
configure:5495: test -s conftest
configure:5498: $? = 0
configure:5510: result: yes
configure:5422: checking for strdup
configure:5479: gcc -o conftest -g -O2   conftest.c  >&5
configure:5485: $? = 0
configure:5489: test -z 
			 || test ! -s conftest.err
configure:5492: $? = 0
configure:5495: test -s conftest
configure:5498: $? = 0
configure:5510: result: yes
configure:5422: checking for strstr
configure:5479: gcc -o conftest -g -O2   conftest.c  >&5
conftest.c:62: warning: conflicting types for built-in function `strstr'
configure:5485: $? = 0
configure:5489: test -z 
			 || test ! -s conftest.err
configure:5492: $? = 0
configure:5495: test -s conftest
configure:5498: $? = 0
configure:5510: result: yes
configure:5422: checking for strcspn
configure:5479: gcc -o conftest -g -O2   conftest.c  >&5
conftest.c:63: warning: conflicting types for built-in function `strcspn'
configure:5485: $? = 0
configure:5489: test -z 
			 || test ! -s conftest.err
configure:5492: $? = 0
configure:5495: test -s conftest
configure:5498: $? = 0
configure:5510: result: yes
configure:5422: checking for strtol
configure:5479: gcc -o conftest -g -O2   conftest.c  >&5
configure:5485: $? = 0
configure:5489: test -z 
			 || test ! -s conftest.err
configure:5492: $? = 0
configure:5495: test -s conftest
configure:5498: $? = 0
configure:5510: result: yes
configure:5529: checking for gethostname
configure:5586: gcc -o conftest -g -O2   conftest.c  >&5
configure:5592: $? = 0
configure:5596: test -z 
			 || test ! -s conftest.err
configure:5599: $? = 0
configure:5602: test -s conftest
configure:5605: $? = 0
configure:5617: result: yes
configure:5529: checking for gethostbyname
configure:5586: gcc -o conftest -g -O2   conftest.c  >&5
configure:5592: $? = 0
configure:5596: test -z 
			 || test ! -s conftest.err
configure:5599: $? = 0
configure:5602: test -s conftest
configure:5605: $? = 0
configure:5617: result: yes
configure:5529: checking for socket
configure:5586: gcc -o conftest -g -O2   conftest.c  >&5
configure:5592: $? = 0
configure:5596: test -z 
			 || test ! -s conftest.err
configure:5599: $? = 0
configure:5602: test -s conftest
configure:5605: $? = 0
configure:5617: result: yes
configure:5529: checking for inet_aton
configure:5586: gcc -o conftest -g -O2   conftest.c  >&5
configure:5592: $? = 0
configure:5596: test -z 
			 || test ! -s conftest.err
configure:5599: $? = 0
configure:5602: test -s conftest
configure:5605: $? = 0
configure:5617: result: yes
configure:5529: checking for herror
configure:5586: gcc -o conftest -g -O2   conftest.c  >&5
configure:5592: $? = 0
configure:5596: test -z 
			 || test ! -s conftest.err
configure:5599: $? = 0
configure:5602: test -s conftest
configure:5605: $? = 0
configure:5617: result: yes
configure:5529: checking for inet_addr
configure:5586: gcc -o conftest -g -O2   conftest.c  >&5
configure:5592: $? = 0
configure:5596: test -z 
			 || test ! -s conftest.err
configure:5599: $? = 0
configure:5602: test -s conftest
configure:5605: $? = 0
configure:5617: result: yes
configure:5632: checking for scandir
configure:5689: gcc -o conftest -g -O2   conftest.c  >&5
configure:5695: $? = 0
configure:5699: test -z 
			 || test ! -s conftest.err
configure:5702: $? = 0
configure:5705: test -s conftest
configure:5708: $? = 0
configure:5720: result: yes
configure:5632: checking for alphasort
configure:5689: gcc -o conftest -g -O2   conftest.c  >&5
configure:5695: $? = 0
configure:5699: test -z 
			 || test ! -s conftest.err
configure:5702: $? = 0
configure:5705: test -s conftest
configure:5708: $? = 0
configure:5720: result: yes
configure:5734: checking for madvise
configure:5791: gcc -o conftest -g -O2   conftest.c  >&5
configure:5797: $? = 0
configure:5801: test -z 
			 || test ! -s conftest.err
configure:5804: $? = 0
configure:5807: test -s conftest
configure:5810: $? = 0
configure:5822: result: yes
configure:5839: checking for tm.tm_gmtoff
configure:5884: gcc -c -g -O2  conftest.c >&5
configure:5890: $? = 0
configure:5894: test -z 
			 || test ! -s conftest.err
configure:5897: $? = 0
configure:5900: test -s conftest.o
configure:5903: $? = 0
configure:5918: result: yes
configure:5944: checking for tm.tm_zone
configure:5990: gcc -c -g -O2  conftest.c >&5
configure:5996: $? = 0
configure:6000: test -z 
			 || test ! -s conftest.err
configure:6003: $? = 0
configure:6006: test -s conftest.o
configure:6009: $? = 0
configure:6024: result: yes
configure:6050: checking for sockaddr_in.sin_len
configure:6087: gcc -c -g -O2  conftest.c >&5
conftest.c: In function `main':
conftest.c:65: structure has no member named `sin_len'
configure:6093: $? = 1
configure: failed program was:
| /* confdefs.h.  */
| 
| #define PACKAGE_NAME ""
| #define PACKAGE_TARNAME ""
| #define PACKAGE_VERSION ""
| #define PACKAGE_STRING ""
| #define PACKAGE_BUGREPORT ""
| #define HAVE_FUNC
| #define HAVE_DIRENT_H 1
| #define STDC_HEADERS 1
| #define HAVE_SYS_WAIT_H 1
| #define HAVE_SYS_TYPES_H 1
| #define HAVE_SYS_STAT_H 1
| #define HAVE_STDLIB_H 1
| #define HAVE_STRING_H 1
| #define HAVE_MEMORY_H 1
| #define HAVE_STRINGS_H 1
| #define HAVE_INTTYPES_H 1
| #define HAVE_STDINT_H 1
| #define HAVE_UNISTD_H 1
| #define HAVE_FCNTL_H 1
| #define HAVE_SYS_FCNTL_H 1
| #define HAVE_LIMITS_H 1
| #define HAVE_SYS_TIME_H 1
| #define HAVE_GETOPT_H 1
| #define HAVE_UNISTD_H 1
| #define TIME_WITH_SYS_TIME 1
| #define HAVE_FNMATCH 1
| #define HAVE_STDLIB_H 1
| #define HAVE_UNISTD_H 1
| #define HAVE_GETPAGESIZE 1
| #define HAVE_MMAP 1
| #define PROTOTYPES 1
| #define __PROTOTYPES 1
| #define HAVE_GETCWD 1
| #define HAVE_STRDUP 1
| #define HAVE_STRSTR 1
| #define HAVE_STRCSPN 1
| #define HAVE_STRTOL 1
| #define HAVE_GETHOSTNAME 1
| #define HAVE_GETHOSTBYNAME 1
| #define HAVE_SOCKET 1
| #define HAVE_INET_ATON 1
| #define HAVE_HERROR 1
| #define HAVE_INET_ADDR 1
| #define HAVE_SCANDIR 1
| #define HAVE_ALPHASORT 1
| #define HAVE_MADVISE 1
| #define STRUCT_TM_HAS_TM_GMTOFF 1
| #define HAVE_TM_GMTOFF 1
| #define STRUCT_TM_HAS_TM_ZONE 1
| #define HAVE_TM_ZONE 1
| /* end confdefs.h.  */
| 
| 
| #include <sys/types.h>
| #include <netinet/in.h>
| 
| 
| int
| main ()
| {
| 
| struct sockaddr_in testit;
| testit.sin_len = 0;
| 
|   ;
|   return 0;
| }
configure:6128: result: no
configure:6162: checking compile and link profiling code
configure:6180: result: no
configure:6186: checking whether to enable gunzip support
configure:6246: result: yes
configure:6250: checking for gunzip
configure:6268: found /bin/gunzip
configure:6280: result: /bin/gunzip
configure:6295: checking whether to enable access control support
configure:6313: result: no
configure:6319: checking whether to compile and link debugging code
configure:6337: result: yes
configure:6344: checking whether to disable verbose/debug logging
configure:6361: result: yes
configure:6366: checking whether to link with the Dmalloc memory debugger/profiler
configure:6457: result: no
configure:6462: checking whether to link with the Electric Fence memory debugger
configure:6547: result: no
configure:7083: checking whether to use poll or select
configure:7102: result: trying select
configure:7382: checking sys/select.h usability
configure:7394: gcc -c -g -O2 -pipe -Wall  conftest.c >&5
configure:7400: $? = 0
configure:7404: test -z 
			 || test ! -s conftest.err
configure:7407: $? = 0
configure:7410: test -s conftest.o
configure:7413: $? = 0
configure:7423: result: yes
configure:7427: checking sys/select.h presence
configure:7437: gcc -E  conftest.c
configure:7443: $? = 0
configure:7463: result: yes
configure:7498: checking for sys/select.h
configure:7505: result: yes
configure:7522: checking for select
configure:7579: gcc -o conftest -g -O2 -pipe -Wall   -g conftest.c  >&5
configure:7585: $? = 0
configure:7589: test -z 
			 || test ! -s conftest.err
configure:7592: $? = 0
configure:7595: test -s conftest
configure:7598: $? = 0
configure:7610: result: yes
configure:7744: creating ./config.status

## ---------------------- ##
## Running config.status. ##
## ---------------------- ##

This file was extended by config.status, which was
generated by GNU Autoconf 2.58.  Invocation command line was

  CONFIG_FILES    = 
  CONFIG_HEADERS  = 
  CONFIG_LINKS    = 
  CONFIG_COMMANDS = 
  $ ./config.status 

on localhost.localdomain

config.status:657: creating Makefile
config.status:657: creating src/Makefile
config.status:657: creating docs/Makefile
config.status:760: creating src/config.h

## ---------------- ##
## Cache variables. ##
## ---------------- ##

_cv_gnu_make_command=make
ac_cv_build=i686-pc-linux-gnu
ac_cv_build_alias=i686-pc-linux-gnu
ac_cv_c_compiler_gnu=yes
ac_cv_c_const=yes
ac_cv_c_var_func=yes
ac_cv_env_CC_set=
ac_cv_env_CC_value=
ac_cv_env_CFLAGS_set=
ac_cv_env_CFLAGS_value=
ac_cv_env_CPPFLAGS_set=
ac_cv_env_CPPFLAGS_value=
ac_cv_env_CPP_set=
ac_cv_env_CPP_value=
ac_cv_env_LDFLAGS_set=
ac_cv_env_LDFLAGS_value=
ac_cv_env_build_alias_set=
ac_cv_env_build_alias_value=
ac_cv_env_host_alias_set=set
ac_cv_env_host_alias_value=arm
ac_cv_env_target_alias_set=
ac_cv_env_target_alias_value=
ac_cv_exeext=
ac_cv_func_alphasort=yes
ac_cv_func_fnmatch_works=yes
ac_cv_func_getcwd=yes
ac_cv_func_gethostbyname=yes
ac_cv_func_gethostname=yes
ac_cv_func_getpagesize=yes
ac_cv_func_herror=yes
ac_cv_func_inet_addr=yes
ac_cv_func_inet_aton=yes
ac_cv_func_madvise=yes
ac_cv_func_memcmp_working=yes
ac_cv_func_mmap_fixed_mapped=yes
ac_cv_func_scandir=yes
ac_cv_func_select=yes
ac_cv_func_setvbuf_reversed=no
ac_cv_func_socket=yes
ac_cv_func_strcspn=yes
ac_cv_func_strdup=yes
ac_cv_func_strstr=yes
ac_cv_func_strtol=yes
ac_cv_header_dirent_dirent_h=yes
ac_cv_header_fcntl_h=yes
ac_cv_header_getopt_h=yes
ac_cv_header_inttypes_h=yes
ac_cv_header_limits_h=yes
ac_cv_header_memory_h=yes
ac_cv_header_stdc=yes
ac_cv_header_stdint_h=yes
ac_cv_header_stdlib_h=yes
ac_cv_header_string_h=yes
ac_cv_header_strings_h=yes
ac_cv_header_sys_fcntl_h=yes
ac_cv_header_sys_select_h=yes
ac_cv_header_sys_stat_h=yes
ac_cv_header_sys_time_h=yes
ac_cv_header_sys_types_h=yes
ac_cv_header_sys_wait_h=yes
ac_cv_header_time=yes
ac_cv_header_unistd_h=yes
ac_cv_host=arm-unknown-none
ac_cv_host_alias=arm
ac_cv_objext=o
ac_cv_path_GUNZIP=/bin/gunzip
ac_cv_prog_CPP='gcc -E'
ac_cv_prog_ac_ct_CC=gcc
ac_cv_prog_cc_g=yes
ac_cv_prog_cc_stdc=
ac_cv_prog_egrep='grep -E'
ac_cv_search_gethostbyname='none required'
ac_cv_search_gethostname='none required'
ac_cv_search_inet_aton='none required'
ac_cv_search_opendir='none required'
ac_cv_search_socket='none required'
ac_cv_struct_sockaddr_in_has_sin_len=no
ac_cv_struct_tm=time.h
ac_cv_struct_tm_has_tm_gmtoff=yes
ac_cv_struct_tm_has_tm_zone=yes
ac_cv_type_off_t=yes
ac_cv_type_pid_t=yes
ac_cv_type_size_t=yes
ac_cv_type_uid_t=yes

## ----------------- ##
## Output variables. ##
## ----------------- ##

ACCESSCONTROL_SOURCE=''
ALLSOURCES='$^'
ALPHASORT=''
ASYNCIO_SOURCE='select.c'
CC='gcc'
CFLAGS='-g -O2 -pipe -Wall'
CPP='gcc -E'
CPPFLAGS=''
DEFS='-DHAVE_CONFIG_H'
ECHO_C=''
ECHO_N='-n'
ECHO_T=''
EGREP='grep -E'
EXEEXT=''
GUNZIP='/bin/gunzip'
LDFLAGS=' -g'
LIBOBJS=''
LIBS=''
LTLIBOBJS=''
MAKE='make'
OBJEXT='o'
PACKAGE_BUGREPORT=''
PACKAGE_NAME=''
PACKAGE_STRING=''
PACKAGE_TARNAME=''
PACKAGE_VERSION=''
PATH_SEPARATOR=':'
SCANDIR=''
SHELL='/bin/sh'
STRUTIL=''
ac_ct_CC='gcc'
bindir='${exec_prefix}/bin'
build='i686-pc-linux-gnu'
build_alias=''
build_cpu='i686'
build_os='linux-gnu'
build_vendor='pc'
datadir='${prefix}/share'
exec_prefix='${prefix}'
host='arm-unknown-none'
host_alias='arm'
host_cpu='arm'
host_os='none'
host_vendor='unknown'
ifGNUmake=''
includedir='${prefix}/include'
infodir='${prefix}/info'
libdir='${exec_prefix}/lib'
libexecdir='${exec_prefix}/libexec'
localstatedir='${prefix}/var'
mandir='${prefix}/man'
oldincludedir='/usr/include'
prefix='/usr/local'
program_transform_name='s,x,x,'
sbindir='${exec_prefix}/sbin'
sharedstatedir='${prefix}/com'
sysconfdir='${prefix}/etc'
target_alias=''

## ----------- ##
## confdefs.h. ##
## ----------- ##

#define GUNZIP "/bin/gunzip"
#define HAVE_ALPHASORT 1
#define HAVE_DIRENT_H 1
#define HAVE_FCNTL_H 1
#define HAVE_FNMATCH 1
#define HAVE_FUNC
#define HAVE_GETCWD 1
#define HAVE_GETHOSTBYNAME 1
#define HAVE_GETHOSTNAME 1
#define HAVE_GETOPT_H 1
#define HAVE_GETPAGESIZE 1
#define HAVE_HERROR 1
#define HAVE_INET_ADDR 1
#define HAVE_INET_ATON 1
#define HAVE_INTTYPES_H 1
#define HAVE_LIMITS_H 1
#define HAVE_MADVISE 1
#define HAVE_MEMORY_H 1
#define HAVE_MMAP 1
#define HAVE_SCANDIR 1
#define HAVE_SELECT 1
#define HAVE_SOCKET 1
#define HAVE_STDINT_H 1
#define HAVE_STDLIB_H 1
#define HAVE_STDLIB_H 1
#define HAVE_STRCSPN 1
#define HAVE_STRDUP 1
#define HAVE_STRINGS_H 1
#define HAVE_STRING_H 1
#define HAVE_STRSTR 1
#define HAVE_STRTOL 1
#define HAVE_SYS_FCNTL_H 1
#define HAVE_SYS_SELECT_H 1
#define HAVE_SYS_STAT_H 1
#define HAVE_SYS_TIME_H 1
#define HAVE_SYS_TYPES_H 1
#define HAVE_SYS_WAIT_H 1
#define HAVE_TM_GMTOFF 1
#define HAVE_TM_ZONE 1
#define HAVE_UNISTD_H 1
#define HAVE_UNISTD_H 1
#define HAVE_UNISTD_H 1
#define PACKAGE_BUGREPORT ""
#define PACKAGE_NAME ""
#define PACKAGE_STRING ""
#define PACKAGE_TARNAME ""
#define PACKAGE_VERSION ""
#define PROTOTYPES 1
#define STDC_HEADERS 1
#define STRUCT_TM_HAS_TM_GMTOFF 1
#define STRUCT_TM_HAS_TM_ZONE 1
#define TIME_WITH_SYS_TIME 1
#define __PROTOTYPES 1

configure: exit 0
